<?xml version="1.0" encoding="UTF-8"?>
<testsuite name="org.joda.convert.TestStringConvert" tests="87" skipped="0" failures="0" errors="0" timestamp="2016-02-17T12:07:20" hostname="Andre-F-iMac.local" time="0.176">
  <properties/>
  <testcase name="test_convert_annotation_FactoryAndToStringOnInterface" classname="org.joda.convert.TestStringConvert" time="0.008"/>
  <testcase name="test_convert_annotatedMethodAndConstructor" classname="org.joda.convert.TestStringConvert" time="0.003"/>
  <testcase name="test_convert_annotationMethodMethod" classname="org.joda.convert.TestStringConvert" time="0.003"/>
  <testcase name="test_convert_annotationSuperFactorySubViaSub1" classname="org.joda.convert.TestStringConvert" time="0.004"/>
  <testcase name="test_convert_annotationSuperFactorySubViaSub2" classname="org.joda.convert.TestStringConvert" time="0.003"/>
  <testcase name="test_convert_annotation_ToStringOnInterface" classname="org.joda.convert.TestStringConvert" time="0.003"/>
  <testcase name="test_registerMethodConstructor_nullClass" classname="org.joda.convert.TestStringConvert" time="0.003"/>
  <testcase name="test_convert_annotatedToStringInvalidParameters" classname="org.joda.convert.TestStringConvert" time="0.003"/>
  <testcase name="test_register_classNotNull" classname="org.joda.convert.TestStringConvert" time="0.001"/>
  <testcase name="test_convert_annotatedFromStringInvalidParameterCount" classname="org.joda.convert.TestStringConvert" time="0.004"/>
  <testcase name="test_convert_annotatedFromStringInvalidParameter" classname="org.joda.convert.TestStringConvert" time="0.004"/>
  <testcase name="test_constructor_false" classname="org.joda.convert.TestStringConvert" time="0.001"/>
  <testcase name="test_findConverter_null" classname="org.joda.convert.TestStringConvert" time="0.0"/>
  <testcase name="test_convertToString_null" classname="org.joda.convert.TestStringConvert" time="0.001"/>
  <testcase name="test_constructor" classname="org.joda.convert.TestStringConvert" time="0.002"/>
  <testcase name="test_convertToString" classname="org.joda.convert.TestStringConvert" time="0.0"/>
  <testcase name="test_register_FunctionalInterfaces_nullToString" classname="org.joda.convert.TestStringConvert" time="0.003"/>
  <testcase name="test_registerMethodConstructor_classAlreadyRegistered" classname="org.joda.convert.TestStringConvert" time="0.002"/>
  <testcase name="test_register_FunctionalInterfaces_nullFromString" classname="org.joda.convert.TestStringConvert" time="0.002"/>
  <testcase name="test_findConverter" classname="org.joda.convert.TestStringConvert" time="0.001"/>
  <testcase name="test_convert_annotatedToStringNoFromString" classname="org.joda.convert.TestStringConvert" time="0.003"/>
  <testcase name="test_convertToString_withType_noGenerics" classname="org.joda.convert.TestStringConvert" time="0.0"/>
  <testcase name="test_convert_annotatedToStringInvalidReturnType" classname="org.joda.convert.TestStringConvert" time="0.004"/>
  <testcase name="test_convertFromString" classname="org.joda.convert.TestStringConvert" time="0.0"/>
  <testcase name="test_convertToString_inherit" classname="org.joda.convert.TestStringConvert" time="0.0"/>
  <testcase name="test_convertToString_withType_primitive1" classname="org.joda.convert.TestStringConvert" time="0.0"/>
  <testcase name="test_convertToString_withType_primitive2" classname="org.joda.convert.TestStringConvert" time="0.0"/>
  <testcase name="test_convertToString_withType" classname="org.joda.convert.TestStringConvert" time="0.0"/>
  <testcase name="test_registerMethodConstructor_noSuchConstructor" classname="org.joda.convert.TestStringConvert" time="0.002"/>
  <testcase name="test_register_converterNotNull" classname="org.joda.convert.TestStringConvert" time="0.0"/>
  <testcase name="test_convert_Enum_overrideDefaultWithConverter" classname="org.joda.convert.TestStringConvert" time="0.003"/>
  <testcase name="test_convertToString_withType_null" classname="org.joda.convert.TestStringConvert" time="0.0"/>
  <testcase name="test_registerMethods" classname="org.joda.convert.TestStringConvert" time="0.002"/>
  <testcase name="test_findConverter_Object" classname="org.joda.convert.TestStringConvert" time="0.001"/>
  <testcase name="test_convert_annotationNoMethods" classname="org.joda.convert.TestStringConvert" time="0.002"/>
  <testcase name="test_convertFromString_primitiveBoolean" classname="org.joda.convert.TestStringConvert" time="0.0"/>
  <testcase name="test_findConverterNoGenerics" classname="org.joda.convert.TestStringConvert" time="0.0"/>
  <testcase name="test_registerMethodsCharSequence" classname="org.joda.convert.TestStringConvert" time="0.003"/>
  <testcase name="test_convert_annotationToStringInvokeException" classname="org.joda.convert.TestStringConvert" time="0.003"/>
  <testcase name="test_convert_annotatedFromStringConstructorInvalidParameter" classname="org.joda.convert.TestStringConvert" time="0.002"/>
  <testcase name="test_registerMethodConstructor_nullToString" classname="org.joda.convert.TestStringConvert" time="0.002"/>
  <testcase name="test_registerMethods_nullClass" classname="org.joda.convert.TestStringConvert" time="0.002"/>
  <testcase name="test_register_FunctionalInterfaces_nullClass" classname="org.joda.convert.TestStringConvert" time="0.003"/>
  <testcase name="test_convert_annotationMethodConstructor" classname="org.joda.convert.TestStringConvert" time="0.003"/>
  <testcase name="test_convert_annotatedTwoFromStringMethod" classname="org.joda.convert.TestStringConvert" time="0.003"/>
  <testcase name="test_findConverterNoGenerics_Object" classname="org.joda.convert.TestStringConvert" time="0.001"/>
  <testcase name="test_convertFromString_nullClass" classname="org.joda.convert.TestStringConvert" time="0.0"/>
  <testcase name="test_convert_annotatedFromStringConstructorInvalidParameterCount" classname="org.joda.convert.TestStringConvert" time="0.003"/>
  <testcase name="test_registerMethods_noSuchFromStringMethod" classname="org.joda.convert.TestStringConvert" time="0.002"/>
  <testcase name="test_registerMethods_classAlreadyRegistered" classname="org.joda.convert.TestStringConvert" time="0.001"/>
  <testcase name="test_convert_annotatedFromStringInvalidReturnType" classname="org.joda.convert.TestStringConvert" time="0.002"/>
  <testcase name="test_register_classAlreadyRegistered" classname="org.joda.convert.TestStringConvert" time="0.002"/>
  <testcase name="ttest_registerMethods_cannotChangeSingleton" classname="org.joda.convert.TestStringConvert" time="0.0"/>
  <testcase name="test_convertToString_withType_nullClass" classname="org.joda.convert.TestStringConvert" time="0.0"/>
  <testcase name="test_registerFactory_cannotChangeSingleton" classname="org.joda.convert.TestStringConvert" time="0.0"/>
  <testcase name="test_registerMethods_noSuchToStringMethod" classname="org.joda.convert.TestStringConvert" time="0.002"/>
  <testcase name="test_convert_annotatedTwoToString" classname="org.joda.convert.TestStringConvert" time="0.003"/>
  <testcase name="test_isConvertible" classname="org.joda.convert.TestStringConvert" time="0.0"/>
  <testcase name="test_convertFromString_null" classname="org.joda.convert.TestStringConvert" time="0.001"/>
  <testcase name="test_convertFromString_inherit" classname="org.joda.convert.TestStringConvert" time="0.0"/>
  <testcase name="test_register_FunctionalInterfaces" classname="org.joda.convert.TestStringConvert" time="0.002"/>
  <testcase name="test_convertToString_primitive" classname="org.joda.convert.TestStringConvert" time="0.0"/>
  <testcase name="test_registerMethods_nullToString" classname="org.joda.convert.TestStringConvert" time="0.002"/>
  <testcase name="test_convert_annotationSuperFactorySubViaSuper" classname="org.joda.convert.TestStringConvert" time="0.003"/>
  <testcase name="test_convert_annotationMethodConstructorCharSequence" classname="org.joda.convert.TestStringConvert" time="0.002"/>
  <testcase name="ttest_registerMethodConstructor_cannotChangeSingleton" classname="org.joda.convert.TestStringConvert" time="0.0"/>
  <testcase name="test_registerMethodConstructor" classname="org.joda.convert.TestStringConvert" time="0.002"/>
  <testcase name="test_convert_annotationSubMethodMethod" classname="org.joda.convert.TestStringConvert" time="0.003"/>
  <testcase name="test_convert_annotation_ToStringFromStringOnSuperClassBeatsInterface" classname="org.joda.convert.TestStringConvert" time="0.002"/>
  <testcase name="test_registerMethodConstructorCharSequence" classname="org.joda.convert.TestStringConvert" time="0.002"/>
  <testcase name="test_convert_annotationFactoryMethod" classname="org.joda.convert.TestStringConvert" time="0.002"/>
  <testcase name="test_convert_annotationMethodMethodCharSequence" classname="org.joda.convert.TestStringConvert" time="0.003"/>
  <testcase name="test_convert_annotationSuperFactorySuper" classname="org.joda.convert.TestStringConvert" time="0.002"/>
  <testcase name="test_convert_toString" classname="org.joda.convert.TestStringConvert" time="0.002"/>
  <testcase name="test_convert_annotationSubMethodConstructor" classname="org.joda.convert.TestStringConvert" time="0.002"/>
  <testcase name="test_convertFromString_primitiveInt" classname="org.joda.convert.TestStringConvert" time="0.0"/>
  <testcase name="test_registerMethods_invalidToStringMethod" classname="org.joda.convert.TestStringConvert" time="0.002"/>
  <testcase name="test_registerMethods_nullFromString" classname="org.joda.convert.TestStringConvert" time="0.002"/>
  <testcase name="test_convert_annotation_FromStringFactoryClashingMethods_fromInterface" classname="org.joda.convert.TestStringConvert" time="0.002"/>
  <testcase name="test_convert_annotatedFromStringNoToString" classname="org.joda.convert.TestStringConvert" time="0.001"/>
  <testcase name="test_convertToString_withType_inherit1" classname="org.joda.convert.TestStringConvert" time="0.0"/>
  <testcase name="test_convert_annotation_FactoryAndToStringOnInterface_usingInterface" classname="org.joda.convert.TestStringConvert" time="0.002"/>
  <testcase name="test_register_notOnShared" classname="org.joda.convert.TestStringConvert" time="0.0"/>
  <testcase name="test_constructor_true" classname="org.joda.convert.TestStringConvert" time="0.002"/>
  <testcase name="test_findConverterNoGenerics_null" classname="org.joda.convert.TestStringConvert" time="0.0"/>
  <testcase name="test_convert_annotationFromStringInvokeException" classname="org.joda.convert.TestStringConvert" time="0.002"/>
  <testcase name="test_convert_annotation_FromStringFactoryClashingMethods_fromClass" classname="org.joda.convert.TestStringConvert" time="0.002"/>
  <system-out><![CDATA[]]></system-out>
  <system-err><![CDATA[]]></system-err>
</testsuite>
