<?xml version="1.0" encoding="UTF-8"?>
<testsuite name="org.joda.convert.TestByteObjectArrayStringConverterFactory" tests="1" skipped="0" failures="0" errors="0" timestamp="2016-02-17T12:07:19" hostname="Andre-F-iMac.local" time="0.021">
  <properties/>
  <testcase name="test_ByteArray" classname="org.joda.convert.TestByteObjectArrayStringConverterFactory" time="0.021"/>
  <system-out><![CDATA[]]></system-out>
  <system-err><![CDATA[]]></system-err>
</testsuite>
