<?xml version="1.0" encoding="UTF-8"?>
<testsuite name="org.joda.convert.TestBooleanObjectArrayStringConverterFactory" tests="1" skipped="0" failures="0" errors="0" timestamp="2016-02-17T12:07:19" hostname="Andre-F-iMac.local" time="0.025">
  <properties/>
  <testcase name="test_longArray" classname="org.joda.convert.TestBooleanObjectArrayStringConverterFactory" time="0.025"/>
  <system-out><![CDATA[]]></system-out>
  <system-err><![CDATA[]]></system-err>
</testsuite>
